<?xml version="1.0" encoding="UTF-8"?>
<coverage generated="1728328200591" clover="3.2.0">
  <project timestamp="1728328200591" name="All files">
    <metrics statements="45" coveredstatements="39" conditionals="31" coveredconditionals="21" methods="10" coveredmethods="9" elements="86" coveredelements="69" complexity="0" loc="45" ncloc="45" packages="1" files="5" classes="5"/>
    <file name="cityStorage.js" path="/Users/v.vanchuk/repo/tmp/otus-js-hw07-weather/src/js/cityStorage.js">
      <metrics statements="19" coveredstatements="19" conditionals="11" coveredconditionals="11" methods="3" coveredmethods="3"/>
      <line num="1" count="1" type="stmt"/>
      <line num="2" count="1" type="stmt"/>
      <line num="3" count="1" type="stmt"/>
      <line num="14" count="15" type="cond" truecount="2" falsecount="0"/>
      <line num="15" count="2" type="stmt"/>
      <line num="17" count="13" type="stmt"/>
      <line num="19" count="15" type="stmt"/>
      <line num="34" count="10" type="stmt"/>
      <line num="36" count="10" type="cond" truecount="2" falsecount="0"/>
      <line num="37" count="2" type="stmt"/>
      <line num="39" count="10" type="stmt"/>
      <line num="47" count="19" type="cond" truecount="2" falsecount="0"/>
      <line num="48" count="2" type="stmt"/>
      <line num="49" count="2" type="stmt"/>
      <line num="50" count="2" type="stmt"/>
      <line num="52" count="17" type="stmt"/>
      <line num="53" count="17" type="cond" truecount="2" falsecount="0"/>
      <line num="54" count="1" type="stmt"/>
      <line num="57" count="19" type="stmt"/>
    </file>
    <file name="fetchUrl.js" path="/Users/v.vanchuk/repo/tmp/otus-js-hw07-weather/src/js/fetchUrl.js">
      <metrics statements="8" coveredstatements="6" conditionals="8" coveredconditionals="6" methods="2" coveredmethods="2"/>
      <line num="1" count="1" type="stmt"/>
      <line num="13" count="1" type="stmt"/>
      <line num="14" count="1" type="cond" truecount="1" falsecount="1"/>
      <line num="15" count="1" type="stmt"/>
      <line num="16" count="1" type="cond" truecount="1" falsecount="1"/>
      <line num="17" count="0" type="stmt"/>
      <line num="20" count="0" type="stmt"/>
      <line num="30" count="3" type="cond" truecount="2" falsecount="0"/>
    </file>
    <file name="geolocation.js" path="/Users/v.vanchuk/repo/tmp/otus-js-hw07-weather/src/js/geolocation.js">
      <metrics statements="10" coveredstatements="10" conditionals="5" coveredconditionals="4" methods="4" coveredmethods="4"/>
      <line num="1" count="1" type="stmt"/>
      <line num="3" count="1" type="stmt"/>
      <line num="14" count="2" type="cond" truecount="1" falsecount="1"/>
      <line num="15" count="2" type="stmt"/>
      <line num="16" count="2" type="stmt"/>
      <line num="19" count="2" type="stmt"/>
      <line num="20" count="2" type="stmt"/>
      <line num="22" count="2" type="stmt"/>
      <line num="30" count="2" type="cond" truecount="3" falsecount="0"/>
      <line num="37" count="3" type="stmt"/>
    </file>
    <file name="mapsStaticApi.js" path="/Users/v.vanchuk/repo/tmp/otus-js-hw07-weather/src/js/mapsStaticApi.js">
      <metrics statements="7" coveredstatements="3" conditionals="7" coveredconditionals="0" methods="1" coveredmethods="0"/>
      <line num="2" count="1" type="stmt"/>
      <line num="4" count="1" type="stmt"/>
      <line num="5" count="1" type="stmt"/>
      <line num="21" count="0" type="cond" truecount="0" falsecount="5"/>
      <line num="22" count="0" type="stmt"/>
      <line num="24" count="0" type="stmt"/>
      <line num="26" count="0" type="stmt"/>
    </file>
    <file name="weatherApi.json.js" path="/Users/v.vanchuk/repo/tmp/otus-js-hw07-weather/src/js/weatherApi.json.js">
      <metrics statements="1" coveredstatements="1" conditionals="0" coveredconditionals="0" methods="0" coveredmethods="0"/>
      <line num="1" count="1" type="stmt"/>
    </file>
  </project>
</coverage>
