{
  "/Users/v.vanchuk/repo/tmp/otus-js-hw07-weather/src/js/cityStorage.js": {
    "path": "/Users/v.vanchuk/repo/tmp/otus-js-hw07-weather/src/js/cityStorage.js",
    "statementMap": {
      "0": {
        "start": { "line": 1, "column": 35 },
        "end": { "line": 1, "column": 44 }
      },
      "1": {
        "start": { "line": 2, "column": 37 },
        "end": { "line": 2, "column": 39 }
      },
      "2": {
        "start": { "line": 3, "column": 33 },
        "end": { "line": 3, "column": 34 }
      },
      "3": {
        "start": { "line": 14, "column": 4 },
        "end": { "line": 18, "column": 5 }
      },
      "4": {
        "start": { "line": 15, "column": 6 },
        "end": { "line": 15, "column": 48 }
      },
      "5": {
        "start": { "line": 17, "column": 6 },
        "end": { "line": 17, "column": 39 }
      },
      "6": {
        "start": { "line": 19, "column": 4 },
        "end": { "line": 19, "column": 31 }
      },
      "7": {
        "start": { "line": 34, "column": 4 },
        "end": { "line": 35, "column": 66 }
      },
      "8": {
        "start": { "line": 36, "column": 4 },
        "end": { "line": 38, "column": 5 }
      },
      "9": {
        "start": { "line": 37, "column": 6 },
        "end": { "line": 37, "column": 46 }
      },
      "10": {
        "start": { "line": 39, "column": 4 },
        "end": { "line": 39, "column": 33 }
      },
      "11": {
        "start": { "line": 47, "column": 4 },
        "end": { "line": 56, "column": 5 }
      },
      "12": {
        "start": { "line": 48, "column": 20 },
        "end": { "line": 48, "column": 59 }
      },
      "13": {
        "start": { "line": 49, "column": 6 },
        "end": { "line": 49, "column": 45 }
      },
      "14": {
        "start": { "line": 50, "column": 6 },
        "end": { "line": 50, "column": 43 }
      },
      "15": {
        "start": { "line": 52, "column": 6 },
        "end": { "line": 52, "column": 43 }
      },
      "16": {
        "start": { "line": 53, "column": 6 },
        "end": { "line": 55, "column": 7 }
      },
      "17": {
        "start": { "line": 54, "column": 8 },
        "end": { "line": 54, "column": 63 }
      },
      "18": {
        "start": { "line": 57, "column": 4 },
        "end": { "line": 60, "column": 6 }
      }
    },
    "fnMap": {
      "0": {
        "name": "(anonymous_0)",
        "decl": {
          "start": { "line": 13, "column": 2 },
          "end": { "line": 13, "column": 3 }
        },
        "loc": {
          "start": { "line": 13, "column": 52 },
          "end": { "line": 20, "column": 3 }
        },
        "line": 13
      },
      "1": {
        "name": "(anonymous_1)",
        "decl": {
          "start": { "line": 33, "column": 2 },
          "end": { "line": 33, "column": 3 }
        },
        "loc": {
          "start": { "line": 33, "column": 27 },
          "end": { "line": 40, "column": 3 }
        },
        "line": 33
      },
      "2": {
        "name": "(anonymous_2)",
        "decl": {
          "start": { "line": 46, "column": 2 },
          "end": { "line": 46, "column": 3 }
        },
        "loc": {
          "start": { "line": 46, "column": 24 },
          "end": { "line": 61, "column": 3 }
        },
        "line": 46
      }
    },
    "branchMap": {
      "0": {
        "loc": {
          "start": { "line": 13, "column": 14 },
          "end": { "line": 13, "column": 50 }
        },
        "type": "default-arg",
        "locations": [
          {
            "start": { "line": 13, "column": 29 },
            "end": { "line": 13, "column": 50 }
          }
        ],
        "line": 13
      },
      "1": {
        "loc": {
          "start": { "line": 14, "column": 4 },
          "end": { "line": 18, "column": 5 }
        },
        "type": "if",
        "locations": [
          {
            "start": { "line": 14, "column": 4 },
            "end": { "line": 18, "column": 5 }
          },
          {
            "start": { "line": 16, "column": 11 },
            "end": { "line": 18, "column": 5 }
          }
        ],
        "line": 14
      },
      "2": {
        "loc": {
          "start": { "line": 35, "column": 6 },
          "end": { "line": 35, "column": 65 }
        },
        "type": "binary-expr",
        "locations": [
          {
            "start": { "line": 35, "column": 6 },
            "end": { "line": 35, "column": 59 }
          },
          {
            "start": { "line": 35, "column": 63 },
            "end": { "line": 35, "column": 65 }
          }
        ],
        "line": 35
      },
      "3": {
        "loc": {
          "start": { "line": 36, "column": 4 },
          "end": { "line": 38, "column": 5 }
        },
        "type": "if",
        "locations": [
          {
            "start": { "line": 36, "column": 4 },
            "end": { "line": 38, "column": 5 }
          },
          { "start": {}, "end": {} }
        ],
        "line": 36
      },
      "4": {
        "loc": {
          "start": { "line": 47, "column": 4 },
          "end": { "line": 56, "column": 5 }
        },
        "type": "if",
        "locations": [
          {
            "start": { "line": 47, "column": 4 },
            "end": { "line": 56, "column": 5 }
          },
          {
            "start": { "line": 51, "column": 11 },
            "end": { "line": 56, "column": 5 }
          }
        ],
        "line": 47
      },
      "5": {
        "loc": {
          "start": { "line": 53, "column": 6 },
          "end": { "line": 55, "column": 7 }
        },
        "type": "if",
        "locations": [
          {
            "start": { "line": 53, "column": 6 },
            "end": { "line": 55, "column": 7 }
          },
          { "start": {}, "end": {} }
        ],
        "line": 53
      }
    },
    "s": {
      "0": 1,
      "1": 1,
      "2": 1,
      "3": 15,
      "4": 2,
      "5": 13,
      "6": 15,
      "7": 10,
      "8": 10,
      "9": 2,
      "10": 10,
      "11": 19,
      "12": 2,
      "13": 2,
      "14": 2,
      "15": 17,
      "16": 17,
      "17": 1,
      "18": 19
    },
    "f": { "0": 15, "1": 10, "2": 19 },
    "b": {
      "0": [1],
      "1": [2, 13],
      "2": [10, 1],
      "3": [2, 8],
      "4": [2, 17],
      "5": [1, 16]
    },
    "_coverageSchema": "1a1c01bbd47fc00a2c39e90264f33305004495a9",
    "hash": "25bf936961a1959606863011c836083cad5d1a5b"
  },
  "/Users/v.vanchuk/repo/tmp/otus-js-hw07-weather/src/js/fetchUrl.js": {
    "path": "/Users/v.vanchuk/repo/tmp/otus-js-hw07-weather/src/js/fetchUrl.js",
    "statementMap": {
      "0": {
        "start": { "line": 1, "column": 23 },
        "end": { "line": 1, "column": 25 }
      },
      "1": {
        "start": { "line": 13, "column": 2 },
        "end": { "line": 21, "column": 3 }
      },
      "2": {
        "start": { "line": 14, "column": 4 },
        "end": { "line": 14, "column": 79 }
      },
      "3": {
        "start": { "line": 14, "column": 28 },
        "end": { "line": 14, "column": 79 }
      },
      "4": {
        "start": { "line": 15, "column": 19 },
        "end": { "line": 15, "column": 44 }
      },
      "5": {
        "start": { "line": 16, "column": 4 },
        "end": { "line": 18, "column": 5 }
      },
      "6": {
        "start": { "line": 17, "column": 6 },
        "end": { "line": 17, "column": 27 }
      },
      "7": {
        "start": { "line": 20, "column": 4 },
        "end": { "line": 20, "column": 36 }
      },
      "8": {
        "start": { "line": 30, "column": 2 },
        "end": { "line": 30, "column": 59 }
      }
    },
    "fnMap": {
      "0": {
        "name": "fetchJson",
        "decl": {
          "start": { "line": 8, "column": 22 },
          "end": { "line": 8, "column": 31 }
        },
        "loc": {
          "start": { "line": 12, "column": 2 },
          "end": { "line": 22, "column": 1 }
        },
        "line": 12
      },
      "1": {
        "name": "isAbsoluteURL",
        "decl": {
          "start": { "line": 29, "column": 16 },
          "end": { "line": 29, "column": 29 }
        },
        "loc": {
          "start": { "line": 29, "column": 35 },
          "end": { "line": 31, "column": 1 }
        },
        "line": 29
      }
    },
    "branchMap": {
      "0": {
        "loc": {
          "start": { "line": 10, "column": 2 },
          "end": { "line": 10, "column": 26 }
        },
        "type": "default-arg",
        "locations": [
          {
            "start": { "line": 10, "column": 12 },
            "end": { "line": 10, "column": 26 }
          }
        ],
        "line": 10
      },
      "1": {
        "loc": {
          "start": { "line": 11, "column": 2 },
          "end": { "line": 11, "column": 21 }
        },
        "type": "default-arg",
        "locations": [
          {
            "start": { "line": 11, "column": 17 },
            "end": { "line": 11, "column": 21 }
          }
        ],
        "line": 11
      },
      "2": {
        "loc": {
          "start": { "line": 14, "column": 4 },
          "end": { "line": 14, "column": 79 }
        },
        "type": "if",
        "locations": [
          {
            "start": { "line": 14, "column": 4 },
            "end": { "line": 14, "column": 79 }
          },
          { "start": {}, "end": {} }
        ],
        "line": 14
      },
      "3": {
        "loc": {
          "start": { "line": 16, "column": 4 },
          "end": { "line": 18, "column": 5 }
        },
        "type": "if",
        "locations": [
          {
            "start": { "line": 16, "column": 4 },
            "end": { "line": 18, "column": 5 }
          },
          { "start": {}, "end": {} }
        ],
        "line": 16
      },
      "4": {
        "loc": {
          "start": { "line": 30, "column": 9 },
          "end": { "line": 30, "column": 58 }
        },
        "type": "binary-expr",
        "locations": [
          {
            "start": { "line": 30, "column": 9 },
            "end": { "line": 30, "column": 31 }
          },
          {
            "start": { "line": 30, "column": 35 },
            "end": { "line": 30, "column": 58 }
          }
        ],
        "line": 30
      }
    },
    "s": {
      "0": 1,
      "1": 1,
      "2": 1,
      "3": 0,
      "4": 1,
      "5": 1,
      "6": 0,
      "7": 0,
      "8": 3
    },
    "f": { "0": 1, "1": 3 },
    "b": { "0": [1], "1": [1], "2": [0, 1], "3": [0, 1], "4": [3, 2] },
    "_coverageSchema": "1a1c01bbd47fc00a2c39e90264f33305004495a9",
    "hash": "a27ce78ad8909f0596e264c4ee5b448f1df3c80e"
  },
  "/Users/v.vanchuk/repo/tmp/otus-js-hw07-weather/src/js/geolocation.js": {
    "path": "/Users/v.vanchuk/repo/tmp/otus-js-hw07-weather/src/js/geolocation.js",
    "statementMap": {
      "0": {
        "start": { "line": 1, "column": 13 },
        "end": { "line": 1, "column": 22 }
      },
      "1": {
        "start": { "line": 3, "column": 16 },
        "end": { "line": 7, "column": 1 }
      },
      "2": {
        "start": { "line": 14, "column": 2 },
        "end": { "line": 21, "column": 3 }
      },
      "3": {
        "start": { "line": 15, "column": 20 },
        "end": { "line": 17, "column": 5 }
      },
      "4": {
        "start": { "line": 16, "column": 6 },
        "end": { "line": 16, "column": 72 }
      },
      "5": {
        "start": { "line": 19, "column": 16 },
        "end": { "line": 19, "column": 29 }
      },
      "6": {
        "start": { "line": 20, "column": 4 },
        "end": { "line": 20, "column": 57 }
      },
      "7": {
        "start": { "line": 22, "column": 2 },
        "end": { "line": 22, "column": 16 }
      },
      "8": {
        "start": { "line": 30, "column": 2 },
        "end": { "line": 30, "column": 66 }
      },
      "9": {
        "start": { "line": 37, "column": 2 },
        "end": { "line": 37, "column": 21 }
      }
    },
    "fnMap": {
      "0": {
        "name": "fetchCoords",
        "decl": {
          "start": { "line": 13, "column": 22 },
          "end": { "line": 13, "column": 33 }
        },
        "loc": {
          "start": { "line": 13, "column": 36 },
          "end": { "line": 23, "column": 1 }
        },
        "line": 13
      },
      "1": {
        "name": "(anonymous_1)",
        "decl": {
          "start": { "line": 15, "column": 32 },
          "end": { "line": 15, "column": 33 }
        },
        "loc": {
          "start": { "line": 16, "column": 6 },
          "end": { "line": 16, "column": 72 }
        },
        "line": 16
      },
      "2": {
        "name": "hasCoords",
        "decl": {
          "start": { "line": 29, "column": 16 },
          "end": { "line": 29, "column": 25 }
        },
        "loc": {
          "start": { "line": 29, "column": 28 },
          "end": { "line": 31, "column": 1 }
        },
        "line": 29
      },
      "3": {
        "name": "resetCoords",
        "decl": {
          "start": { "line": 36, "column": 16 },
          "end": { "line": 36, "column": 27 }
        },
        "loc": {
          "start": { "line": 36, "column": 30 },
          "end": { "line": 38, "column": 1 }
        },
        "line": 36
      }
    },
    "branchMap": {
      "0": {
        "loc": {
          "start": { "line": 14, "column": 2 },
          "end": { "line": 21, "column": 3 }
        },
        "type": "if",
        "locations": [
          {
            "start": { "line": 14, "column": 2 },
            "end": { "line": 21, "column": 3 }
          },
          { "start": {}, "end": {} }
        ],
        "line": 14
      },
      "1": {
        "loc": {
          "start": { "line": 30, "column": 9 },
          "end": { "line": 30, "column": 65 }
        },
        "type": "binary-expr",
        "locations": [
          {
            "start": { "line": 30, "column": 9 },
            "end": { "line": 30, "column": 15 }
          },
          {
            "start": { "line": 30, "column": 19 },
            "end": { "line": 30, "column": 32 }
          },
          {
            "start": { "line": 30, "column": 36 },
            "end": { "line": 30, "column": 65 }
          }
        ],
        "line": 30
      }
    },
    "s": {
      "0": 1,
      "1": 1,
      "2": 2,
      "3": 2,
      "4": 2,
      "5": 2,
      "6": 2,
      "7": 2,
      "8": 2,
      "9": 3
    },
    "f": { "0": 2, "1": 2, "2": 2, "3": 3 },
    "b": { "0": [2, 0], "1": [2, 1, 1] },
    "_coverageSchema": "1a1c01bbd47fc00a2c39e90264f33305004495a9",
    "hash": "6c550340af9950434f48503eb0f2360fab137521"
  },
  "/Users/v.vanchuk/repo/tmp/otus-js-hw07-weather/src/js/mapsStaticApi.js": {
    "path": "/Users/v.vanchuk/repo/tmp/otus-js-hw07-weather/src/js/mapsStaticApi.js",
    "statementMap": {
      "0": {
        "start": { "line": 2, "column": 22 },
        "end": { "line": 2, "column": 41 }
      },
      "1": {
        "start": { "line": 4, "column": 23 },
        "end": { "line": 4, "column": 56 }
      },
      "2": {
        "start": { "line": 5, "column": 15 },
        "end": { "line": 5, "column": 17 }
      },
      "3": {
        "start": { "line": 21, "column": 2 },
        "end": { "line": 25, "column": 3 }
      },
      "4": {
        "start": { "line": 22, "column": 4 },
        "end": { "line": 22, "column": 138 }
      },
      "5": {
        "start": { "line": 24, "column": 4 },
        "end": { "line": 24, "column": 17 }
      },
      "6": {
        "start": { "line": 26, "column": 2 },
        "end": { "line": 26, "column": 13 }
      }
    },
    "fnMap": {
      "0": {
        "name": "fetchMapImageByCoords",
        "decl": {
          "start": { "line": 15, "column": 16 },
          "end": { "line": 15, "column": 37 }
        },
        "loc": {
          "start": { "line": 20, "column": 2 },
          "end": { "line": 27, "column": 1 }
        },
        "line": 20
      }
    },
    "branchMap": {
      "0": {
        "loc": {
          "start": { "line": 18, "column": 2 },
          "end": { "line": 18, "column": 11 }
        },
        "type": "default-arg",
        "locations": [
          {
            "start": { "line": 18, "column": 9 },
            "end": { "line": 18, "column": 11 }
          }
        ],
        "line": 18
      },
      "1": {
        "loc": {
          "start": { "line": 19, "column": 2 },
          "end": { "line": 19, "column": 12 }
        },
        "type": "default-arg",
        "locations": [
          {
            "start": { "line": 19, "column": 9 },
            "end": { "line": 19, "column": 12 }
          }
        ],
        "line": 19
      },
      "2": {
        "loc": {
          "start": { "line": 21, "column": 2 },
          "end": { "line": 25, "column": 3 }
        },
        "type": "if",
        "locations": [
          {
            "start": { "line": 21, "column": 2 },
            "end": { "line": 25, "column": 3 }
          },
          {
            "start": { "line": 23, "column": 9 },
            "end": { "line": 25, "column": 3 }
          }
        ],
        "line": 21
      },
      "3": {
        "loc": {
          "start": { "line": 21, "column": 6 },
          "end": { "line": 21, "column": 37 }
        },
        "type": "binary-expr",
        "locations": [
          {
            "start": { "line": 21, "column": 6 },
            "end": { "line": 21, "column": 15 }
          },
          {
            "start": { "line": 21, "column": 19 },
            "end": { "line": 21, "column": 27 }
          },
          {
            "start": { "line": 21, "column": 31 },
            "end": { "line": 21, "column": 37 }
          }
        ],
        "line": 21
      }
    },
    "s": { "0": 1, "1": 1, "2": 1, "3": 0, "4": 0, "5": 0, "6": 0 },
    "f": { "0": 0 },
    "b": { "0": [0], "1": [0], "2": [0, 0], "3": [0, 0, 0] },
    "_coverageSchema": "1a1c01bbd47fc00a2c39e90264f33305004495a9",
    "hash": "1ac36f289fca7455e5f16afc30ddb58a8ef71bc7"
  },
  "/Users/v.vanchuk/repo/tmp/otus-js-hw07-weather/src/js/weatherApi.json.js": {
    "path": "/Users/v.vanchuk/repo/tmp/otus-js-hw07-weather/src/js/weatherApi.json.js",
    "statementMap": {
      "0": {
        "start": { "line": 1, "column": 23 },
        "end": { "line": 46, "column": 1 }
      }
    },
    "fnMap": {},
    "branchMap": {},
    "s": { "0": 1 },
    "f": {},
    "b": {},
    "_coverageSchema": "1a1c01bbd47fc00a2c39e90264f33305004495a9",
    "hash": "bde6eb53df5a43b3f8256e2d0de128a78d7d61ac"
  }
}
