TN:
SF:src/js/cityStorage.js
FN:13,(anonymous_0)
FN:33,(anonymous_1)
FN:46,(anonymous_2)
FNF:3
FNH:3
FNDA:15,(anonymous_0)
FNDA:10,(anonymous_1)
FNDA:19,(anonymous_2)
DA:1,1
DA:2,1
DA:3,1
DA:14,15
DA:15,2
DA:17,13
DA:19,15
DA:34,10
DA:36,10
DA:37,2
DA:39,10
DA:47,19
DA:48,2
DA:49,2
DA:50,2
DA:52,17
DA:53,17
DA:54,1
DA:57,19
LF:19
LH:19
BRDA:13,0,0,1
BRDA:14,1,0,2
BRDA:14,1,1,13
BRDA:35,2,0,10
BRDA:35,2,1,1
BRDA:36,3,0,2
BRDA:36,3,1,8
BRDA:47,4,0,2
BRDA:47,4,1,17
BRDA:53,5,0,1
BRDA:53,5,1,16
BRF:11
BRH:11
end_of_record
TN:
SF:src/js/fetchUrl.js
FN:8,fetchJson
FN:29,isAbsoluteURL
FNF:2
FNH:2
FNDA:1,fetchJson
FNDA:3,isAbsoluteURL
DA:1,1
DA:13,1
DA:14,1
DA:15,1
DA:16,1
DA:17,0
DA:20,0
DA:30,3
LF:8
LH:6
BRDA:10,0,0,1
BRDA:11,1,0,1
BRDA:14,2,0,0
BRDA:14,2,1,1
BRDA:16,3,0,0
BRDA:16,3,1,1
BRDA:30,4,0,3
BRDA:30,4,1,2
BRF:8
BRH:6
end_of_record
TN:
SF:src/js/geolocation.js
FN:13,fetchCoords
FN:15,(anonymous_1)
FN:29,hasCoords
FN:36,resetCoords
FNF:4
FNH:4
FNDA:2,fetchCoords
FNDA:2,(anonymous_1)
FNDA:2,hasCoords
FNDA:3,resetCoords
DA:1,1
DA:3,1
DA:14,2
DA:15,2
DA:16,2
DA:19,2
DA:20,2
DA:22,2
DA:30,2
DA:37,3
LF:10
LH:10
BRDA:14,0,0,2
BRDA:14,0,1,0
BRDA:30,1,0,2
BRDA:30,1,1,1
BRDA:30,1,2,1
BRF:5
BRH:4
end_of_record
TN:
SF:src/js/mapsStaticApi.js
FN:15,fetchMapImageByCoords
FNF:1
FNH:0
FNDA:0,fetchMapImageByCoords
DA:2,1
DA:4,1
DA:5,1
DA:21,0
DA:22,0
DA:24,0
DA:26,0
LF:7
LH:3
BRDA:18,0,0,0
BRDA:19,1,0,0
BRDA:21,2,0,0
BRDA:21,2,1,0
BRDA:21,3,0,0
BRDA:21,3,1,0
BRDA:21,3,2,0
BRF:7
BRH:0
end_of_record
TN:
SF:src/js/weatherApi.json.js
FNF:0
FNH:0
DA:1,1
LF:1
LH:1
BRF:0
BRH:0
end_of_record
